PyNaCl is not installed, voice will NOT be supported
on_ready has successfully been registered as an event
logging in using static token
Shard ID None has connected to Gateway (Session ID: d482f8b80939fd979a48c1093a80b347).
Ignoring exception in command todoview
Traceback (most recent call last):
  File "/opt/miniconda3/lib/python3.13/site-packages/discord/ext/commands/bot.py", line 1376, in invoke
    await ctx.command.invoke(ctx)
  File "/opt/miniconda3/lib/python3.13/site-packages/discord/ext/commands/core.py", line 1056, in invoke
    await self.prepare(ctx)
  File "/opt/miniconda3/lib/python3.13/site-packages/discord/ext/commands/core.py", line 960, in prepare
    if not await self.can_run(ctx):
           ^^^^^^^^^^^^^^^^^^^^^^^
  File "/opt/miniconda3/lib/python3.13/site-packages/discord/ext/commands/core.py", line 1308, in can_run
    raise CheckFailure(f'The global check functions for command {self.qualified_name} failed.')
discord.ext.commands.errors.CheckFailure: The global check functions for command todoview failed.
Shard ID None session has been invalidated.
Shard ID None has connected to Gateway (Session ID: de964d528197864c13288fa023559729).
Shard ID None session has been invalidated.
Shard ID None session has been invalidated.
Shard ID None has connected to Gateway (Session ID: 414bd24ad095a08ca8caaed24cb86b98).
Shard ID None session has been invalidated.
Shard ID None has connected to Gateway (Session ID: e0a78bc158b98bdae53606a3bf5db083).
Shard ID 0 timed out waiting for chunks for guild_id 709707367645708308.
Shard ID None session has been invalidated.
Shard ID None has connected to Gateway (Session ID: 43196415ad75d48a393a918235e66ce4).
Shard ID None session has been invalidated.
Shard ID None session has been invalidated.
Shard ID None has connected to Gateway (Session ID: baabf4d7b06148b57356f971eacdcff7).
